e:\repos\lunardate\lunardate\release\lunardate.pch
e:\repos\lunardate\lunardate\release\vc143.pdb
e:\repos\lunardate\lunardate\release\pch.obj
e:\repos\lunardate\lunardate\release\dllmain.obj
e:\repos\lunardate\release\lunardate.lib
e:\repos\lunardate\release\lunardate.exp
e:\repos\lunardate\lunardate\release\lunardate.ipdb
e:\repos\lunardate\lunardate\release\lunardate.iobj
e:\repos\lunardate\release\lunardate.pdb
e:\repos\lunardate\lunardate\release\lunardate.tlog\cl.command.1.tlog
e:\repos\lunardate\lunardate\release\lunardate.tlog\cl.items.tlog
e:\repos\lunardate\lunardate\release\lunardate.tlog\cl.read.1.tlog
e:\repos\lunardate\lunardate\release\lunardate.tlog\cl.write.1.tlog
e:\repos\lunardate\lunardate\release\lunardate.tlog\link-cvtres.read.1.tlog
e:\repos\lunardate\lunardate\release\lunardate.tlog\link-cvtres.write.1.tlog
e:\repos\lunardate\lunardate\release\lunardate.tlog\link-rc.read.1.tlog
e:\repos\lunardate\lunardate\release\lunardate.tlog\link-rc.write.1.tlog
e:\repos\lunardate\lunardate\release\lunardate.tlog\link.command.1.tlog
e:\repos\lunardate\lunardate\release\lunardate.tlog\link.read.1.tlog
e:\repos\lunardate\lunardate\release\lunardate.tlog\link.secondary.1.tlog
e:\repos\lunardate\lunardate\release\lunardate.tlog\link.write.1.tlog
